\BOOKMARK [1][-]{section.1}{\376\377\144\130\211\201}{}% 1
\BOOKMARK [1][-]{section.2}{\376\377\225\356\230\230\221\315\217\360}{}% 2
\BOOKMARK [1][-]{section.3}{\376\377\152\041\127\213\120\107\213\276\124\214\173\046\123\367\213\364\146\016}{}% 3
\BOOKMARK [2][-]{subsection.3.1}{\376\377\152\041\127\213\120\107\213\276}{section.3}% 4
\BOOKMARK [2][-]{subsection.3.2}{\376\377\173\046\123\367\213\364\146\016}{section.3}% 5
\BOOKMARK [1][-]{section.4}{\376\377\152\041\127\213\136\372\172\313\116\016\154\102\211\343}{}% 6
\BOOKMARK [2][-]{subsection.4.1}{\376\377\203\267\123\326\145\160\143\156}{section.4}% 7
\BOOKMARK [2][-]{subsection.4.2}{\376\377\145\160\143\156\230\204\131\004\164\006}{section.4}% 8
\BOOKMARK [2][-]{subsection.4.3}{\376\377\142\337\124\010\152\041\127\213}{section.4}% 9
\BOOKMARK [3][-]{subsubsection.4.3.1}{\376\377\176\277\140\047\126\336\137\122\152\041\127\213}{subsection.4.3}% 10
\BOOKMARK [3][-]{subsubsection.4.3.2}{\376\377\226\234\170\215\213\241\145\160\152\041\127\213}{subsection.4.3}% 11
\BOOKMARK [3][-]{subsubsection.4.3.3}{\376\377\171\136\176\317\177\121\176\334}{subsection.4.3}% 12
\BOOKMARK [3][-]{subsubsection.4.3.4}{\376\377\121\263\173\126\150\021\152\041\127\213}{subsection.4.3}% 13
\BOOKMARK [1][-]{section.5}{\376\377\152\041\127\213\166\204\117\030\177\072\160\271\116\016\145\071\217\333\145\271\154\325}{}% 14
\BOOKMARK [2][-]{subsection.5.1}{\376\377\176\277\140\047\126\336\137\122\152\041\127\213}{section.5}% 15
\BOOKMARK [2][-]{subsection.5.2}{\376\377\171\136\176\317\177\121\176\334\126\336\137\122\152\041\127\213}{section.5}% 16
\BOOKMARK [2][-]{subsection.5.3}{\376\377\121\263\173\126\150\021\152\041\127\213}{section.5}% 17
\BOOKMARK [1][-]{section*.9}{\376\377\226\104\137\125}{}% 18
\BOOKMARK [2][-]{subsection.Alph0.1}{\376\377\156\220\116\343\170\001}{section*.9}% 19
\BOOKMARK [2][-]{subsection.Alph0.2}{\376\377\145\160\143\156\147\145\156\220}{section*.9}% 20
\BOOKMARK [2][-]{subsection.Alph0.3}{\376\377\176\277\140\047\126\336\137\122\152\041\127\213\150\070\137\303\116\343\170\001}{section*.9}% 21
\BOOKMARK [2][-]{subsection.Alph0.4}{\376\377\171\136\176\317\177\121\176\334\126\336\137\122\152\041\127\213\150\070\137\303\116\343\170\001}{section*.9}% 22
